<?xml version="1.0" encoding="UTF-8"?>
<!-- Generated by org.testng.reporters.JUnitXMLReporter -->
<testsuite ignored="0" hostname="DESKTOP-D3TC1Q6" failures="1" tests="6" name="Test" time="43.336" errors="0" timestamp="2025-03-21T11:29:14 IST">
  <testcase classname="testClasses.LoginPageTestClass" name="verifyRememberMeCheckboxIsCheckedOrNotByDefault" time="0.179"/>
  <testcase classname="testClasses.LoginPageTestClass" name="verifySuccessfulLoginPage" time="1.853"/>
  <testcase classname="testClasses.LoginPageTestClass" name="verifyTheExactPageIsOpenWhileHittingThe_URL" time="0.237">
    <failure type="java.lang.AssertionError" message="expected [7rmart supermarke] but found [7rmart supermarket]">
      <![CDATA[java.lang.AssertionError: expected [7rmart supermarke] but found [7rmart supermarket]
at testClasses.LoginPageTestClass.verifyTheExactPageIsOpenWhileHittingThe_URL(LoginPageTestClass.java:30)
at java.base/java.util.ArrayList.forEach(ArrayList.java:1596)
... Removed 31 stack frames]]>
    </failure>
  </testcase> <!-- verifyTheExactPageIsOpenWhileHittingThe_URL -->
  <testcase classname="testClasses.LoginPageTestClass" name="verifyUnsuccessfulLogin" time="1.022"/>
  <testcase classname="testClasses.LoginPageTestClass" name="verifyUnsuccessfulLogin" time="1.111"/>
  <testcase classname="testClasses.LoginPageTestClass" name="verifyUnsuccessfulLogin" time="1.121"/>
</testsuite> <!-- Test -->
